[INFO][auth.go:47]2022/10/22 19:10:47 [Username.Required. Username Can not be empty]
[INFO][auth.go:47]2022/10/22 19:10:47 [Password.Required. Password Can not be empty]
[INFO][request.go:11]2022/10/22 19:12:31 [CreatedBy.Required. CreatedBy Can not be empty]
[INFO][request.go:11]2022/10/22 19:12:46 [CreatedBy.Required. CreatedBy Can not be empty]
[INFO][request.go:11]2022/10/22 19:13:00 [CreatedBy.Required. CreatedBy Can not be empty]
[INFO][request.go:11]2022/10/22 19:13:18 [CreatedBy.Required. CreatedBy Can not be empty]
[INFO][request.go:11]2022/10/22 19:13:49 [CreatedBy.Required. CreatedBy Can not be empty]
[INFO][request.go:11]2022/10/22 19:15:08 [CreatedBy.Required. CreatedBy Can not be empty]
[INFO][request.go:11]2022/10/22 19:15:52 [CreatedBy.Required. CreatedBy Can not be empty]
[INFO][request.go:11]2022/10/22 19:21:25 [TagID.Required. TagID Can not be empty]
[INFO][request.go:11]2022/10/22 19:21:25 [TagID.Min. TagID Minimum is 1]
[INFO][request.go:11]2022/10/22 19:21:25 [Title.Required. Title Can not be empty]
[INFO][request.go:11]2022/10/22 19:21:25 [Desc.Required. Desc Can not be empty]
[INFO][request.go:11]2022/10/22 19:21:25 [Content.Required. Content Can not be empty]
[INFO][request.go:11]2022/10/22 19:21:25 [CreatedBy.Required. CreatedBy Can not be empty]
[INFO][request.go:11]2022/10/22 19:21:25 [CoverImageUrl.Required. CoverImageUrl Can not be empty]
[INFO][request.go:11]2022/10/22 19:21:40 [TagID.Required. TagID Can not be empty]
[INFO][request.go:11]2022/10/22 19:21:40 [TagID.Min. TagID Minimum is 1]
[INFO][request.go:11]2022/10/22 19:21:40 [Title.Required. Title Can not be empty]
[INFO][request.go:11]2022/10/22 19:21:40 [Desc.Required. Desc Can not be empty]
[INFO][request.go:11]2022/10/22 19:21:40 [Content.Required. Content Can not be empty]
[INFO][request.go:11]2022/10/22 19:21:40 [CreatedBy.Required. CreatedBy Can not be empty]
[INFO][request.go:11]2022/10/22 19:21:40 [CoverImageUrl.Required. CoverImageUrl Can not be empty]
[INFO][request.go:11]2022/10/22 19:22:29 [TagID.Required. TagID Can not be empty]
[INFO][request.go:11]2022/10/22 19:22:29 [TagID.Min. TagID Minimum is 1]
[INFO][request.go:11]2022/10/22 19:22:29 [Title.Required. Title Can not be empty]
[INFO][request.go:11]2022/10/22 19:22:29 [Desc.Required. Desc Can not be empty]
[INFO][request.go:11]2022/10/22 19:22:29 [Content.Required. Content Can not be empty]
[INFO][request.go:11]2022/10/22 19:22:29 [CreatedBy.Required. CreatedBy Can not be empty]
[INFO][request.go:11]2022/10/22 19:22:29 [CoverImageUrl.Required. CoverImageUrl Can not be empty]
[INFO][request.go:11]2022/10/22 19:22:32 [TagID.Required. TagID Can not be empty]
[INFO][request.go:11]2022/10/22 19:22:32 [TagID.Min. TagID Minimum is 1]
[INFO][request.go:11]2022/10/22 19:22:32 [Title.Required. Title Can not be empty]
[INFO][request.go:11]2022/10/22 19:22:32 [Desc.Required. Desc Can not be empty]
[INFO][request.go:11]2022/10/22 19:22:32 [Content.Required. Content Can not be empty]
[INFO][request.go:11]2022/10/22 19:22:32 [CreatedBy.Required. CreatedBy Can not be empty]
[INFO][request.go:11]2022/10/22 19:22:32 [CoverImageUrl.Required. CoverImageUrl Can not be empty]
