[INFO][article.go:79]2022/09/20 11:34:25 [tag_id 标签ID必须大于0]
[INFO][article.go:79]2022/09/20 11:34:49 [tag_id 标签ID必须大于0]
[INFO][article.go:79]2022/09/20 11:36:28 tag_id 标签ID必须大于0
[INFO][article.go:79]2022/09/20 11:36:55 state 状态只允许0或1
[INFO][auth.go:47]2022/09/20 19:41:09 [Username.Required. Username Can not be empty]
[INFO][auth.go:47]2022/09/20 19:41:09 [Password.Required. Password Can not be empty]
[INFO][auth.go:47]2022/09/20 19:51:29 [Username.Required. Username Can not be empty]
[INFO][auth.go:47]2022/09/20 19:51:29 [Password.Required. Password Can not be empty]
[INFO][auth.go:47]2022/09/20 19:53:14 [Username.Required. Username Can not be empty]
[INFO][auth.go:47]2022/09/20 19:53:14 [Password.Required. Password Can not be empty]
[INFO][auth.go:47]2022/09/20 20:11:43 [Username.Required. Username Can not be empty]
[INFO][auth.go:47]2022/09/20 20:11:43 [Password.Required. Password Can not be empty]
[INFO][auth.go:47]2022/09/20 20:14:56 [Username.Required. Username Can not be empty]
[INFO][auth.go:47]2022/09/20 20:14:56 [Password.Required. Password Can not be empty]
[INFO][auth.go:47]2022/09/20 20:14:57 [Username.Required. Username Can not be empty]
[INFO][auth.go:47]2022/09/20 20:14:57 [Password.Required. Password Can not be empty]
[INFO][auth.go:47]2022/09/22 23:36:12 [Username.Required. Username Can not be empty]
[INFO][auth.go:47]2022/09/22 23:36:12 [Password.Required. Password Can not be empty]
[INFO][auth.go:47]2022/09/22 23:44:04 [Username.Required. Username Can not be empty]
[INFO][auth.go:47]2022/09/22 23:44:04 [Password.Required. Password Can not be empty]
[INFO][auth.go:47]2022/09/22 23:52:09 [Username.Required. Username Can not be empty]
[INFO][auth.go:47]2022/09/22 23:52:09 [Password.Required. Password Can not be empty]
